C51 COMPILER V9.60.0.0   USART                                                             05/09/2024 21:05:02 PAGE 1   


C51 COMPILER V9.60.0.0, COMPILATION OF MODULE USART
OBJECT MODULE PLACED IN ..\obj\usart.obj
COMPILER INVOKED BY: E:\Keil_C51\C51\BIN\C51.EXE ..\user\usart.c LARGE OPTIMIZE(8,SPEED) BROWSE INCDIR(..\code;..\user) 
                    -DEBUG OBJECTEXTEND PRINT(.\usart.lst) TABS(2) OBJECT(..\obj\usart.obj)

line level    source

   1          
   2          #include "config.h"
   3          #define FOSC 22118400L      //System frequency
   4          uint32_t baud=9600;           //UART baudrate
   5          
   6          uint8_t RX_BUF[50];
   7          uint8_t NUM_1=0;
   8          /************************************************************************
   9          函 数 名： 串口初始化
  10          功能描述： STC10L08XE 单片机串口初始化函数
  11          返回函数： none
  12          其他说明： none
  13          **************************************************************************/
  14          void UartIni(void)
  15          {
  16   1          SCON = 0x50;            //8-bit variable UART
  17   1          TMOD |= 0x20;            //Set Timer1 as 8-bit auto reload mode
  18   1          TH1 = TL1 = -(FOSC/12/32/baud); //Set auto-reload vaule
  19   1          TR1 = 1;                //Timer1 start run
  20   1          ES = 1;                 //Enable UART interrupt
  21   1          EA = 1;                 //Open master interrupt switch
  22   1      }
  23          /************************************************************************
  24          功能描述：  串口发送一字节数据
  25          入口参数：  DAT:带发送的数据
  26          返 回 值：  none
  27          其他说明：  none
  28          **************************************************************************/
  29          void UARTSendByte(uint8_t DAT)
  30          {
  31   1        ES  =  0;
  32   1        TI=0;
  33   1        SBUF = DAT;
  34   1        while(TI==0);
  35   1        TI=0;
  36   1        ES = 1;
  37   1      }
  38          /************************************************************************
  39          功能描述： 串口发送字符串数据
  40          入口参数：  *DAT：字符串指针
  41          返 回 值： none
  42          其他说明： API 供外部使用，直观！
  43          **************************************************************************/
  44          void PrintCom(uint8_t *DAT)
  45          {
  46   1        while(*DAT)
  47   1        {
  48   2          UARTSendByte(*DAT++);
  49   2        } 
  50   1      }
  51          
  52          uint8_t print_hex(uint8_t *dat, uint8_t len)
  53          {
  54   1          uint8_t index = 0;
C51 COMPILER V9.60.0.0   USART                                                             05/09/2024 21:05:02 PAGE 2   

  55   1      
  56   1          for (index = 0; index < len; index++)
  57   1          {
  58   2              UARTSendByte(dat[index]);
  59   2          }
  60   1      
  61   1          return len;
  62   1      }
  63          void Uart_Isr() interrupt 4 using 1
  64          {
  65   1          if (RI)
  66   1          {
  67   2            RI=0;
  68   2            RX_BUF[NUM_1]=SBUF;
  69   2            NUM_1++;
  70   2            if(NUM_1>=49)
  71   2              NUM_1=0;
  72   2            if(NUM_1>=3)
  73   2            {
  74   3              if(RX_BUF[NUM_1]==0xF8&&RX_BUF[NUM_1-1]==0xF8&&RX_BUF[NUM_1-2]==0xF8)
  75   3                IAP_CONTR=0x60;   
  76   3            }   
  77   2          }
  78   1      }


MODULE INFORMATION:   STATIC OVERLAYABLE
   CODE SIZE        =    277    ----
   CONSTANT SIZE    =   ----    ----
   XDATA SIZE       =     53       6
   PDATA SIZE       =   ----    ----
   DATA SIZE        =   ----    ----
   IDATA SIZE       =   ----    ----
   BIT SIZE         =   ----    ----
END OF MODULE INFORMATION.


C51 COMPILATION COMPLETE.  0 WARNING(S),  0 ERROR(S)
